This is pdfTeX, Version 3.1415926-2.3-1.40.12 (MiKTeX 2.9) (preloaded format=pdftex 2017.4.13)  15 SEP 2017 16:08
entering extended mode
**E:/1paper_writing/two/Plant*and*Soil*LaTeX/mybibfile.bib
("E:/1paper_writing/two/Plant and Soil LaTeX/mybibfile.bib"
Missing character: There is no ï in font cmr10!
Missing character: There is no » in font cmr10!
Missing character: There is no ¿ in font cmr10!

Overfull \hbox (11.8709pt too wide) in paragraph at lines 1--10
[] \tenrm @ar-ti-cleNG2017Atm, title=Atmopsphere-plant-soil in-ter-ac-tions:the
ories and mech-a-nisms, au-thor=Charles|

\hbox(6.94444+1.94444)x469.75499, glue set - 1.0
.\hbox(0.0+0.0)x20.0
.\glue 3.33333 plus 1.66666 minus 1.11111
.\tenrm @
.\tenrm a
.\tenrm r
.etc.

Missing character: There is no â in font cmr10!
Missing character: There is no € in font cmr10!
Missing character: There is no “ in font cmr10!
Missing character: There is no â in font cmr10!
Missing character: There is no € in font cmr10!
Missing character: There is no  in font cmr10!
[1{E:/CTEX/UserData/pdftex/config/pdftex.map{Unicode.sfd}{UGBK.sfd}}]
Missing character: There is no Ã in font cmr10!
Missing character: There is no ­ in font cmr10!
Missing character: There is no Ã in font cmr10!
Missing character: There is no © in font cmr10!
Missing character: There is no â in font cmr10!
Missing character: There is no € in font cmr10!
Missing character: There is no ™ in font cmr10!

Overfull \hbox (10.88492pt too wide) in paragraph at lines 338--347
[]\tenrm @articleMa2012Shear, ti-tle=Shear strength of Apus bam-boo root re-in-
forced soil, au-thor=MaRuf, Mokham-|

\hbox(6.94444+1.94444)x469.75499, glue set - 1.0
.\hbox(0.0+0.0)x20.0
.\tenrm @
.\tenrm a
.\tenrm r
.\tenrm t
.etc.

Missing character: There is no â in font cmr10!
Missing character: There is no € in font cmr10!
Missing character: There is no ˜ in font cmr10!
Missing character: There is no â in font cmr10!
Missing character: There is no € in font cmr10!
Missing character: There is no ™ in font cmr10!
[2]
! Misplaced alignment tab character &.
l.465   journal={Landscape &
                             Urban Planning},
? 
! Emergency stop.
l.465   journal={Landscape &
                             Urban Planning},
End of file on the terminal!

!  ==> Fatal error occurred, no output PDF file produced!
